<?xml version="1.0" encoding="UTF-8"?>
<!-- Generated by org.testng.reporters.JUnitXMLReporter -->
<testsuite hostname="RayDesktop" ignored="0" name="Default test" tests="2" failures="0" timestamp="2020-10-29T19:24:14 EDT" time="60.199" errors="0">
  <testcase name="formValidation" time="34.765" classname="testCases.generalStore.TC1_FormValidation"/>
  <testcase name="toastMessageValidation" time="25.412" classname="testCases.generalStore.TC1_FormValidation"/>
</testsuite> <!-- Default test -->
