<?xml version="1.0" encoding="UTF-8"?>
<!-- Generated by org.testng.reporters.JUnitXMLReporter -->
<testsuite hostname="RayDesktop" ignored="0" name="Test" tests="2" failures="2" timestamp="2020-10-14T23:32:00 EDT" time="19.963" errors="0">
  <testcase name="addingProducts" time="19.938" classname="testCases.generalStore.TC2_AddingProducts">
    <failure type="java.lang.NullPointerException">
      <![CDATA[java.lang.NullPointerException
at practice.AppiumFramwork.BaseCaps.Capabilities(BaseCaps.java:96)
at testCases.generalStore.TC2_AddingProducts.addingProducts(TC2_AddingProducts.java:21)
at java.util.ArrayList.forEach(ArrayList.java:1259)
... Removed 31 stack frames]]>
    </failure>
  </testcase> <!-- addingProducts -->
  <testcase name="addingProducts" time="19.952" classname="testCases.generalStore.TC2_AddingProducts">
    <failure type="java.lang.NullPointerException">
      <![CDATA[java.lang.NullPointerException
at practice.AppiumFramwork.BaseCaps.getScreenshot(BaseCaps.java:121)
at resources.ScreenshotListener.onTestFailure(ScreenshotListener.java:21)
at java.util.ArrayList.forEach(ArrayList.java:1259)
... Removed 28 stack frames]]>
    </failure>
  </testcase> <!-- addingProducts -->
</testsuite> <!-- Test -->
